running egg_info
creating ../../build/unity_follower/unity_follower.egg-info
writing ../../build/unity_follower/unity_follower.egg-info/PKG-INFO
writing dependency_links to ../../build/unity_follower/unity_follower.egg-info/dependency_links.txt
writing entry points to ../../build/unity_follower/unity_follower.egg-info/entry_points.txt
writing requirements to ../../build/unity_follower/unity_follower.egg-info/requires.txt
writing top-level names to ../../build/unity_follower/unity_follower.egg-info/top_level.txt
writing manifest file '../../build/unity_follower/unity_follower.egg-info/SOURCES.txt'
reading manifest file '../../build/unity_follower/unity_follower.egg-info/SOURCES.txt'
writing manifest file '../../build/unity_follower/unity_follower.egg-info/SOURCES.txt'
running build
running build_py
creating /home/ubuntu2004/ROS2UnityBacic/ros2_unity_basic_ws/build/unity_follower/build
creating /home/ubuntu2004/ROS2UnityBacic/ros2_unity_basic_ws/build/unity_follower/build/lib
creating /home/ubuntu2004/ROS2UnityBacic/ros2_unity_basic_ws/build/unity_follower/build/lib/unity_follower
copying unity_follower/__init__.py -> /home/ubuntu2004/ROS2UnityBacic/ros2_unity_basic_ws/build/unity_follower/build/lib/unity_follower
copying unity_follower/unity_follower.py -> /home/ubuntu2004/ROS2UnityBacic/ros2_unity_basic_ws/build/unity_follower/build/lib/unity_follower
copying unity_follower/pose_functions.py -> /home/ubuntu2004/ROS2UnityBacic/ros2_unity_basic_ws/build/unity_follower/build/lib/unity_follower
running install
running install_lib
creating /home/ubuntu2004/ROS2UnityBacic/ros2_unity_basic_ws/install/unity_follower/lib/python3.8/site-packages/unity_follower
copying /home/ubuntu2004/ROS2UnityBacic/ros2_unity_basic_ws/build/unity_follower/build/lib/unity_follower/__init__.py -> /home/ubuntu2004/ROS2UnityBacic/ros2_unity_basic_ws/install/unity_follower/lib/python3.8/site-packages/unity_follower
copying /home/ubuntu2004/ROS2UnityBacic/ros2_unity_basic_ws/build/unity_follower/build/lib/unity_follower/unity_follower.py -> /home/ubuntu2004/ROS2UnityBacic/ros2_unity_basic_ws/install/unity_follower/lib/python3.8/site-packages/unity_follower
copying /home/ubuntu2004/ROS2UnityBacic/ros2_unity_basic_ws/build/unity_follower/build/lib/unity_follower/pose_functions.py -> /home/ubuntu2004/ROS2UnityBacic/ros2_unity_basic_ws/install/unity_follower/lib/python3.8/site-packages/unity_follower
byte-compiling /home/ubuntu2004/ROS2UnityBacic/ros2_unity_basic_ws/install/unity_follower/lib/python3.8/site-packages/unity_follower/__init__.py to __init__.cpython-38.pyc
byte-compiling /home/ubuntu2004/ROS2UnityBacic/ros2_unity_basic_ws/install/unity_follower/lib/python3.8/site-packages/unity_follower/unity_follower.py to unity_follower.cpython-38.pyc
byte-compiling /home/ubuntu2004/ROS2UnityBacic/ros2_unity_basic_ws/install/unity_follower/lib/python3.8/site-packages/unity_follower/pose_functions.py to pose_functions.cpython-38.pyc
running install_data
creating /home/ubuntu2004/ROS2UnityBacic/ros2_unity_basic_ws/install/unity_follower/share/ament_index
creating /home/ubuntu2004/ROS2UnityBacic/ros2_unity_basic_ws/install/unity_follower/share/ament_index/resource_index
creating /home/ubuntu2004/ROS2UnityBacic/ros2_unity_basic_ws/install/unity_follower/share/ament_index/resource_index/packages
copying resource/unity_follower -> /home/ubuntu2004/ROS2UnityBacic/ros2_unity_basic_ws/install/unity_follower/share/ament_index/resource_index/packages
copying package.xml -> /home/ubuntu2004/ROS2UnityBacic/ros2_unity_basic_ws/install/unity_follower/share/unity_follower
running install_egg_info
Copying ../../build/unity_follower/unity_follower.egg-info to /home/ubuntu2004/ROS2UnityBacic/ros2_unity_basic_ws/install/unity_follower/lib/python3.8/site-packages/unity_follower-0.0.0-py3.8.egg-info
running install_scripts
Installing unity_follower script to /home/ubuntu2004/ROS2UnityBacic/ros2_unity_basic_ws/install/unity_follower/lib/unity_follower
writing list of installed files to '/home/ubuntu2004/ROS2UnityBacic/ros2_unity_basic_ws/build/unity_follower/install.log'
